{"/Users/oluwagbemikadri/Desktop/SelfTutorials/javascript/jestTesting/javascriptWithJest/ES6/jestDoc.js": {"path":"/Users/oluwagbemikadri/Desktop/SelfTutorials/javascript/jestTesting/javascriptWithJest/ES6/jestDoc.js","statementMap":{"0":{"start":{"line":3,"column":2},"end":{"line":3,"column":15}}},"fnMap":{"0":{"name":"sum","decl":{"start":{"line":2,"column":9},"end":{"line":2,"column":12}},"loc":{"start":{"line":2,"column":19},"end":{"line":4,"column":1}},"line":2}},"branchMap":{},"s":{"0":2},"f":{"0":2},"b":{},"_coverageSchema":"1a1c01bbd47fc00a2c39e90264f33305004495a9","hash":"c12d6799593abff9e5f94b838bc337c7b585ff91"}
}
